# JRE version: OpenJDK Runtime Environment Temurin-21.0.8+9 (21.0.8+9) (build 21.0.8+9-LTS)
# Java VM: OpenJDK 64-Bit Server VM Temurin-21.0.8+9 (21.0.8+9-LTS, mixed mode, sharing, tiered, compressed oops, compressed class ptrs, parallel gc, windows-amd64)
GC Precious Log:
 CardTable entry size: 512
 CPUs: 12 total, 12 available
 Memory: 7884M
 Large Page Support: Disabled
 NUMA Support: Disabled
 Compressed Oops: Enabled (32-bit)
 Alignments: Space 512K, Generation 512K, Heap 2M
 Heap Min Capacity: 100M
 Heap Initial Capacity: 100M
 Heap Max Capacity: 2G
 Pre-touch: Disabled
 Parallel Workers: 10
Heap:
 PSYoungGen      total 23040K, used 3749K [0x00000000d5580000, 0x00000000d7000000, 0x0000000100000000)
  eden space 19968K, 14% used [0x00000000d5580000,0x00000000d584a100,0x00000000d6900000)
  from space 3072K, 29% used [0x00000000d6a80000,0x00000000d6b5f330,0x00000000d6d80000)
  to   space 1536K, 0% used [0x00000000d6e80000,0x00000000d6e80000,0x00000000d7000000)
 ParOldGen       total 68608K, used 34627K [0x0000000080000000, 0x0000000084300000, 0x00000000d5580000)
  object space 68608K, 50% used [0x0000000080000000,0x00000000821d0c10,0x0000000084300000)
 Metaspace       used 50789K, committed 51840K, reserved 1114112K
  class space    used 5580K, committed 6016K, reserved 1048576K
GC Heap History (20 events):
Event: 50.947 GC heap before
{Heap before GC invocations=18 (full 2):
 PSYoungGen      total 23040K, used 23021K [0x00000000d5580000, 0x00000000d7080000, 0x0000000100000000)
  eden space 22016K, 100% used [0x00000000d5580000,0x00000000d6b00000,0x00000000d6b00000)
  from space 1024K, 98% used [0x00000000d6f00000,0x00000000d6ffb438,0x00000000d7000000)
  to   space 512K, 0% used [0x00000000d7000000,0x00000000d7000000,0x00000000d7080000)
 ParOldGen       total 68608K, used 17823K [0x0000000080000000, 0x0000000084300000, 0x00000000d5580000)
  object space 68608K, 25% used [0x0000000080000000,0x0000000081167e88,0x0000000084300000)
 Metaspace       used 40319K, committed 41344K, reserved 1114112K
  class space    used 4293K, committed 4736K, reserved 1048576K
}
Event: 50.952 GC heap after
{Heap after GC invocations=18 (full 2):
 PSYoungGen      total 20992K, used 512K [0x00000000d5580000, 0x00000000d7800000, 0x0000000100000000)
  eden space 20480K, 0% used [0x00000000d5580000,0x00000000d5580000,0x00000000d6980000)
  from space 512K, 100% used [0x00000000d7000000,0x00000000d7080000,0x00000000d7080000)
  to   space 6656K, 0% used [0x00000000d6980000,0x00000000d6980000,0x00000000d7000000)
 ParOldGen       total 68608K, used 22806K [0x0000000080000000, 0x0000000084300000, 0x00000000d5580000)
  object space 68608K, 33% used [0x0000000080000000,0x0000000081645820,0x0000000084300000)
 Metaspace       used 40319K, committed 41344K, reserved 1114112K
  class space    used 4293K, committed 4736K, reserved 1048576K
}
Event: 51.267 GC heap before
{Heap before GC invocations=19 (full 2):
 PSYoungGen      total 20992K, used 20992K [0x00000000d5580000, 0x00000000d7800000, 0x0000000100000000)
  eden space 20480K, 100% used [0x00000000d5580000,0x00000000d6980000,0x00000000d6980000)
  from space 512K, 100% used [0x00000000d7000000,0x00000000d7080000,0x00000000d7080000)
  to   space 6656K, 0% used [0x00000000d6980000,0x00000000d6980000,0x00000000d7000000)
 ParOldGen       total 68608K, used 22806K [0x0000000080000000, 0x0000000084300000, 0x00000000d5580000)
  object space 68608K, 33% used [0x0000000080000000,0x0000000081645820,0x0000000084300000)
 Metaspace       used 42851K, committed 43968K, reserved 1114112K
  class space    used 4618K, committed 5120K, reserved 1048576K
}
Event: 51.272 GC heap after
{Heap after GC invocations=19 (full 2):
 PSYoungGen      total 22528K, used 1824K [0x00000000d5580000, 0x00000000d7080000, 0x0000000100000000)
  eden space 20480K, 0% used [0x00000000d5580000,0x00000000d5580000,0x00000000d6980000)
  from space 2048K, 89% used [0x00000000d6980000,0x00000000d6b48000,0x00000000d6b80000)
  to   space 3584K, 0% used [0x00000000d6d00000,0x00000000d6d00000,0x00000000d7080000)
 ParOldGen       total 68608K, used 23298K [0x0000000080000000, 0x0000000084300000, 0x00000000d5580000)
  object space 68608K, 33% used [0x0000000080000000,0x00000000816c0830,0x0000000084300000)
 Metaspace       used 42851K, committed 43968K, reserved 1114112K
  class space    used 4618K, committed 5120K, reserved 1048576K
}
Event: 51.764 GC heap before
{Heap before GC invocations=20 (full 2):
 PSYoungGen      total 22528K, used 22304K [0x00000000d5580000, 0x00000000d7080000, 0x0000000100000000)
  eden space 20480K, 100% used [0x00000000d5580000,0x00000000d6980000,0x00000000d6980000)
  from space 2048K, 89% used [0x00000000d6980000,0x00000000d6b48000,0x00000000d6b80000)
  to   space 3584K, 0% used [0x00000000d6d00000,0x00000000d6d00000,0x00000000d7080000)
 ParOldGen       total 68608K, used 23298K [0x0000000080000000, 0x0000000084300000, 0x00000000d5580000)
  object space 68608K, 33% used [0x0000000080000000,0x00000000816c0830,0x0000000084300000)
 Metaspace       used 45630K, committed 46720K, reserved 1114112K
  class space    used 5003K, committed 5504K, reserved 1048576K
}
Event: 51.769 GC heap after
{Heap after GC invocations=20 (full 2):
 PSYoungGen      total 22016K, used 1418K [0x00000000d5580000, 0x00000000d6e80000, 0x0000000100000000)
  eden space 20480K, 0% used [0x00000000d5580000,0x00000000d5580000,0x00000000d6980000)
  from space 1536K, 92% used [0x00000000d6d00000,0x00000000d6e62b48,0x00000000d6e80000)
  to   space 2048K, 0% used [0x00000000d6a80000,0x00000000d6a80000,0x00000000d6c80000)
 ParOldGen       total 68608K, used 24958K [0x0000000080000000, 0x0000000084300000, 0x00000000d5580000)
  object space 68608K, 36% used [0x0000000080000000,0x000000008185f860,0x0000000084300000)
 Metaspace       used 45630K, committed 46720K, reserved 1114112K
  class space    used 5003K, committed 5504K, reserved 1048576K
}
Event: 52.354 GC heap before
{Heap before GC invocations=21 (full 2):
 PSYoungGen      total 22016K, used 21898K [0x00000000d5580000, 0x00000000d6e80000, 0x0000000100000000)
  eden space 20480K, 99% used [0x00000000d5580000,0x00000000d697ffb8,0x00000000d6980000)
  from space 1536K, 92% used [0x00000000d6d00000,0x00000000d6e62b48,0x00000000d6e80000)
  to   space 2048K, 0% used [0x00000000d6a80000,0x00000000d6a80000,0x00000000d6c80000)
 ParOldGen       total 68608K, used 24958K [0x0000000080000000, 0x0000000084300000, 0x00000000d5580000)
  object space 68608K, 36% used [0x0000000080000000,0x000000008185f860,0x0000000084300000)
 Metaspace       used 48332K, committed 49408K, reserved 1114112K
  class space    used 5321K, committed 5824K, reserved 1048576K
}
Event: 52.360 GC heap after
{Heap after GC invocations=21 (full 2):
 PSYoungGen      total 22528K, used 1988K [0x00000000d5580000, 0x00000000d6e80000, 0x0000000100000000)
  eden space 20480K, 0% used [0x00000000d5580000,0x00000000d5580000,0x00000000d6980000)
  from space 2048K, 97% used [0x00000000d6a80000,0x00000000d6c712c0,0x00000000d6c80000)
  to   space 2048K, 0% used [0x00000000d6c80000,0x00000000d6c80000,0x00000000d6e80000)
 ParOldGen       total 68608K, used 27711K [0x0000000080000000, 0x0000000084300000, 0x00000000d5580000)
  object space 68608K, 40% used [0x0000000080000000,0x0000000081b0fd10,0x0000000084300000)
 Metaspace       used 48332K, committed 49408K, reserved 1114112K
  class space    used 5321K, committed 5824K, reserved 1048576K
}
Event: 60.878 GC heap before
{Heap before GC invocations=22 (full 2):
 PSYoungGen      total 22528K, used 22468K [0x00000000d5580000, 0x00000000d6e80000, 0x0000000100000000)
  eden space 20480K, 100% used [0x00000000d5580000,0x00000000d6980000,0x00000000d6980000)
  from space 2048K, 97% used [0x00000000d6a80000,0x00000000d6c712c0,0x00000000d6c80000)
  to   space 2048K, 0% used [0x00000000d6c80000,0x00000000d6c80000,0x00000000d6e80000)
 ParOldGen       total 68608K, used 27711K [0x0000000080000000, 0x0000000084300000, 0x00000000d5580000)
  object space 68608K, 40% used [0x0000000080000000,0x0000000081b0fd10,0x0000000084300000)
 Metaspace       used 49575K, committed 50688K, reserved 1114112K
  class space    used 5466K, committed 5952K, reserved 1048576K
}
Event: 60.885 GC heap after
{Heap after GC invocations=22 (full 2):
 PSYoungGen      total 22016K, used 2030K [0x00000000d5580000, 0x00000000d7080000, 0x0000000100000000)
  eden space 19968K, 0% used [0x00000000d5580000,0x00000000d5580000,0x00000000d6900000)
  from space 2048K, 99% used [0x00000000d6c80000,0x00000000d6e7bbd0,0x00000000d6e80000)
  to   space 3584K, 0% used [0x00000000d6900000,0x00000000d6900000,0x00000000d6c80000)
 ParOldGen       total 68608K, used 28831K [0x0000000080000000, 0x0000000084300000, 0x00000000d5580000)
  object space 68608K, 42% used [0x0000000080000000,0x0000000081c27d10,0x0000000084300000)
 Metaspace       used 49575K, committed 50688K, reserved 1114112K
  class space    used 5466K, committed 5952K, reserved 1048576K
}
Event: 61.232 GC heap before
{Heap before GC invocations=23 (full 2):
 PSYoungGen      total 22016K, used 21998K [0x00000000d5580000, 0x00000000d7080000, 0x0000000100000000)
  eden space 19968K, 100% used [0x00000000d5580000,0x00000000d6900000,0x00000000d6900000)
  from space 2048K, 99% used [0x00000000d6c80000,0x00000000d6e7bbd0,0x00000000d6e80000)
  to   space 3584K, 0% used [0x00000000d6900000,0x00000000d6900000,0x00000000d6c80000)
 ParOldGen       total 68608K, used 28831K [0x0000000080000000, 0x0000000084300000, 0x00000000d5580000)
  object space 68608K, 42% used [0x0000000080000000,0x0000000081c27d10,0x0000000084300000)
 Metaspace       used 49670K, committed 50752K, reserved 1114112K
  class space    used 5471K, committed 5952K, reserved 1048576K
}
Event: 61.239 GC heap after
{Heap after GC invocations=23 (full 2):
 PSYoungGen      total 23552K, used 3264K [0x00000000d5580000, 0x00000000d7000000, 0x0000000100000000)
  eden space 19968K, 0% used [0x00000000d5580000,0x00000000d5580000,0x00000000d6900000)
  from space 3584K, 91% used [0x00000000d6900000,0x00000000d6c30000,0x00000000d6c80000)
  to   space 3584K, 0% used [0x00000000d6c80000,0x00000000d6c80000,0x00000000d7000000)
 ParOldGen       total 68608K, used 30818K [0x0000000080000000, 0x0000000084300000, 0x00000000d5580000)
  object space 68608K, 44% used [0x0000000080000000,0x0000000081e18828,0x0000000084300000)
 Metaspace       used 49670K, committed 50752K, reserved 1114112K
  class space    used 5471K, committed 5952K, reserved 1048576K
}
Event: 61.571 GC heap before
{Heap before GC invocations=24 (full 2):
 PSYoungGen      total 23552K, used 23231K [0x00000000d5580000, 0x00000000d7000000, 0x0000000100000000)
  eden space 19968K, 99% used [0x00000000d5580000,0x00000000d68fffd0,0x00000000d6900000)
  from space 3584K, 91% used [0x00000000d6900000,0x00000000d6c30000,0x00000000d6c80000)
  to   space 3584K, 0% used [0x00000000d6c80000,0x00000000d6c80000,0x00000000d7000000)
 ParOldGen       total 68608K, used 30818K [0x0000000080000000, 0x0000000084300000, 0x00000000d5580000)
  object space 68608K, 44% used [0x0000000080000000,0x0000000081e18828,0x0000000084300000)
 Metaspace       used 49714K, committed 50816K, reserved 1114112K
  class space    used 5471K, committed 5952K, reserved 1048576K
}
Event: 61.576 GC heap after
{Heap after GC invocations=24 (full 2):
 PSYoungGen      total 22528K, used 2528K [0x00000000d5580000, 0x00000000d6f00000, 0x0000000100000000)
  eden space 19968K, 0% used [0x00000000d5580000,0x00000000d5580000,0x00000000d6900000)
  from space 2560K, 98% used [0x00000000d6c80000,0x00000000d6ef8000,0x00000000d6f00000)
  to   space 3072K, 0% used [0x00000000d6900000,0x00000000d6900000,0x00000000d6c00000)
 ParOldGen       total 68608K, used 30922K [0x0000000080000000, 0x0000000084300000, 0x00000000d5580000)
  object space 68608K, 45% used [0x0000000080000000,0x0000000081e32828,0x0000000084300000)
 Metaspace       used 49714K, committed 50816K, reserved 1114112K
  class space    used 5471K, committed 5952K, reserved 1048576K
}
Event: 62.123 GC heap before
{Heap before GC invocations=25 (full 2):
 PSYoungGen      total 22528K, used 22496K [0x00000000d5580000, 0x00000000d6f00000, 0x0000000100000000)
  eden space 19968K, 100% used [0x00000000d5580000,0x00000000d6900000,0x00000000d6900000)
  from space 2560K, 98% used [0x00000000d6c80000,0x00000000d6ef8000,0x00000000d6f00000)
  to   space 3072K, 0% used [0x00000000d6900000,0x00000000d6900000,0x00000000d6c00000)
 ParOldGen       total 68608K, used 30922K [0x0000000080000000, 0x0000000084300000, 0x00000000d5580000)
  object space 68608K, 45% used [0x0000000080000000,0x0000000081e32828,0x0000000084300000)
 Metaspace       used 49732K, committed 50816K, reserved 1114112K
  class space    used 5471K, committed 5952K, reserved 1048576K
}
Event: 62.131 GC heap after
{Heap after GC invocations=25 (full 2):
 PSYoungGen      total 23040K, used 3056K [0x00000000d5580000, 0x00000000d7600000, 0x0000000100000000)
  eden space 19968K, 0% used [0x00000000d5580000,0x00000000d5580000,0x00000000d6900000)
  from space 3072K, 99% used [0x00000000d6900000,0x00000000d6bfc018,0x00000000d6c00000)
  to   space 6656K, 0% used [0x00000000d6f80000,0x00000000d6f80000,0x00000000d7600000)
 ParOldGen       total 68608K, used 33695K [0x0000000080000000, 0x0000000084300000, 0x00000000d5580000)
  object space 68608K, 49% used [0x0000000080000000,0x00000000820e7c78,0x0000000084300000)
 Metaspace       used 49732K, committed 50816K, reserved 1114112K
  class space    used 5471K, committed 5952K, reserved 1048576K
}
Event: 62.858 GC heap before
{Heap before GC invocations=26 (full 2):
 PSYoungGen      total 23040K, used 23024K [0x00000000d5580000, 0x00000000d7600000, 0x0000000100000000)
  eden space 19968K, 100% used [0x00000000d5580000,0x00000000d6900000,0x00000000d6900000)
  from space 3072K, 99% used [0x00000000d6900000,0x00000000d6bfc018,0x00000000d6c00000)
  to   space 6656K, 0% used [0x00000000d6f80000,0x00000000d6f80000,0x00000000d7600000)
 ParOldGen       total 68608K, used 33695K [0x0000000080000000, 0x0000000084300000, 0x00000000d5580000)
  object space 68608K, 49% used [0x0000000080000000,0x00000000820e7c78,0x0000000084300000)
 Metaspace       used 49844K, committed 50880K, reserved 1114112K
  class space    used 5482K, committed 5952K, reserved 1048576K
}
Event: 62.862 GC heap after
{Heap after GC invocations=26 (full 2):
 PSYoungGen      total 20992K, used 828K [0x00000000d5580000, 0x00000000d7080000, 0x0000000100000000)
  eden space 19968K, 0% used [0x00000000d5580000,0x00000000d5580000,0x00000000d6900000)
  from space 1024K, 80% used [0x00000000d6f80000,0x00000000d704f0b8,0x00000000d7080000)
  to   space 3072K, 0% used [0x00000000d6a80000,0x00000000d6a80000,0x00000000d6d80000)
 ParOldGen       total 68608K, used 33915K [0x0000000080000000, 0x0000000084300000, 0x00000000d5580000)
  object space 68608K, 49% used [0x0000000080000000,0x000000008211ecc0,0x0000000084300000)
 Metaspace       used 49844K, committed 50880K, reserved 1114112K
  class space    used 5482K, committed 5952K, reserved 1048576K
}
Event: 68.020 GC heap before
{Heap before GC invocations=27 (full 2):
 PSYoungGen      total 20992K, used 20770K [0x00000000d5580000, 0x00000000d7080000, 0x0000000100000000)
  eden space 19968K, 99% used [0x00000000d5580000,0x00000000d68f9988,0x00000000d6900000)
  from space 1024K, 80% used [0x00000000d6f80000,0x00000000d704f0b8,0x00000000d7080000)
  to   space 3072K, 0% used [0x00000000d6a80000,0x00000000d6a80000,0x00000000d6d80000)
 ParOldGen       total 68608K, used 33915K [0x0000000080000000, 0x0000000084300000, 0x00000000d5580000)
  object space 68608K, 49% used [0x0000000080000000,0x000000008211ecc0,0x0000000084300000)
 Metaspace       used 50748K, committed 51776K, reserved 1114112K
  class space    used 5576K, committed 6016K, reserved 1048576K
}
Event: 68.023 GC heap after
{Heap after GC invocations=27 (full 2):
 PSYoungGen      total 23040K, used 892K [0x00000000d5580000, 0x00000000d7000000, 0x0000000100000000)
  eden space 19968K, 0% used [0x00000000d5580000,0x00000000d5580000,0x00000000d6900000)
  from space 3072K, 29% used [0x00000000d6a80000,0x00000000d6b5f330,0x00000000d6d80000)
  to   space 1536K, 0% used [0x00000000d6e80000,0x00000000d6e80000,0x00000000d7000000)
 ParOldGen       total 68608K, used 34627K [0x0000000080000000, 0x0000000084300000, 0x00000000d5580000)
  object space 68608K, 50% used [0x0000000080000000,0x00000000821d0c10,0x0000000084300000)
 Metaspace       used 50748K, committed 51776K, reserved 1114112K
  class space    used 5576K, committed 6016K, reserved 1048576K
}

